Initializing the backend...
Initializing provider plugins...
- Reusing previous version of hashicorp/local from the dependency lock file
- Reusing previous version of hashicorp/null from the dependency lock file
- Using previously-installed hashicorp/local v2.5.3
- Using previously-installed hashicorp/null v3.2.4

Terraform has been successfully initialized!

You may now begin working with Terraform. Try running "terraform plan" to see
any changes that are required for your infrastructure. All Terraform commands
should now work.

If you ever set or change modules or backend configuration for Terraform,
rerun this command to reinitialize your working directory. If you forget, other
commands will detect it and remind you to do so if necessary.
null_resource.servicio_a: Refreshing state... [id=8771288233724656698]
local_file.servicio_dummy: Refreshing state... [id=da3f885de47a586c9ea9bf1f9ba1df0261357eab]

Terraform used the selected providers to generate the following execution
plan. Resource actions are indicated with the following symbols:
-/+ destroy and then create replacement

Terraform will perform the following actions:

  # local_file.servicio_dummy must be replaced
-/+ resource "local_file" "servicio_dummy" {
      ~ content              = "Servicio creado a las $(timestamp() +%Y-%m-%d %H-%M-%S)" -> (known after apply) # forces replacement
      ~ content_base64sha256 = "0OeLFZ2ygFfLtOQGOKYa7K01ChwN4g/bEy3twv/yDXg=" -> (known after apply)
      ~ content_base64sha512 = "uFrqQ6LK2f+Z5BHUp6Y5/Rf+FG+jH+aUIBkBCwI6x4R/1iiSYEU116HB7SyliP3uaSc549phPHSYfVl/p+3s+g==" -> (known after apply)
      ~ content_md5          = "539f3ac92d177db42bd010800f40259b" -> (known after apply)
      ~ content_sha1         = "da3f885de47a586c9ea9bf1f9ba1df0261357eab" -> (known after apply)
      ~ content_sha256       = "d0e78b159db28057cbb4e40638a61aecad350a1c0de20fdb132dedc2fff20d78" -> (known after apply)
      ~ content_sha512       = "b85aea43a2cad9ff99e411d4a7a639fd17fe146fa31fe6942019010b023ac7847fd62892604535d7a1c1ed2ca588fdee692739e3da613c74987d597fa7edecfa" -> (known after apply)
      ~ id                   = "da3f885de47a586c9ea9bf1f9ba1df0261357eab" -> (known after apply)
        # (3 unchanged attributes hidden)
    }

Plan: 1 to add, 0 to change, 1 to destroy.
local_file.servicio_dummy: Destroying... [id=da3f885de47a586c9ea9bf1f9ba1df0261357eab]
local_file.servicio_dummy: Destruction complete after 0s
local_file.servicio_dummy: Creating...
local_file.servicio_dummy: Creation complete after 0s [id=c594e57e91da438c01aa19f3ce928b4c17b3ddc1]

Apply complete! Resources: 1 added, 0 changed, 1 destroyed.
Initializing the backend...
Initializing modules...
Initializing provider plugins...
- Reusing previous version of hashicorp/null from the dependency lock file
- Reusing previous version of hashicorp/local from the dependency lock file
- Using previously-installed hashicorp/null v3.2.4
- Using previously-installed hashicorp/local v2.5.3

Terraform has been successfully initialized!

You may now begin working with Terraform. Try running "terraform plan" to see
any changes that are required for your infrastructure. All Terraform commands
should now work.

If you ever set or change modules or backend configuration for Terraform,
rerun this command to reinitialize your working directory. If you forget, other
commands will detect it and remind you to do so if necessary.
module.servicio_a.null_resource.servicio_a: Refreshing state... [id=7594903794493526689]
local_file.servicio_dummy: Refreshing state... [id=a17e0993e356d2b76197601d78d75d0067b98b37]
module.servicio_a.local_file.servicio_dummy: Refreshing state... [id=da3f885de47a586c9ea9bf1f9ba1df0261357eab]
null_resource.servicio_c: Refreshing state... [id=5189715582138057298]

Terraform used the selected providers to generate the following execution
plan. Resource actions are indicated with the following symbols:
  + create

Terraform will perform the following actions:

  # local_file.servicio_dummy will be created
  + resource "local_file" "servicio_dummy" {
      + content              = (known after apply)
      + content_base64sha256 = (known after apply)
      + content_base64sha512 = (known after apply)
      + content_md5          = (known after apply)
      + content_sha1         = (known after apply)
      + content_sha256       = (known after apply)
      + content_sha512       = (known after apply)
      + directory_permission = "0777"
      + file_permission      = "0777"
      + filename             = "/home/dirac/Documents/DS/GitOps-Local/servicios_simulados/db_dummy.txt"
      + id                   = (known after apply)
    }

  # module.servicio_a.local_file.servicio_dummy will be created
  + resource "local_file" "servicio_dummy" {
      + content              = (known after apply)
      + content_base64sha256 = (known after apply)
      + content_base64sha512 = (known after apply)
      + content_md5          = (known after apply)
      + content_sha1         = (known after apply)
      + content_sha256       = (known after apply)
      + content_sha512       = (known after apply)
      + directory_permission = "0777"
      + file_permission      = "0777"
      + filename             = "/home/dirac/Documents/DS/GitOps-Local/servicios_simulados/servicio_dummy_A.service"
      + id                   = (known after apply)
    }

Plan: 2 to add, 0 to change, 0 to destroy.
local_file.servicio_dummy: Creating...
module.servicio_a.local_file.servicio_dummy: Creating...
module.servicio_a.local_file.servicio_dummy: Creation complete after 0s [id=2ef91e06f3f28beee76efc8751f5e498020b3ac3]
local_file.servicio_dummy: Creation complete after 0s [id=b9d03f612ad8800b094405fe2f297c4d9ca46040]

Apply complete! Resources: 2 added, 0 changed, 0 destroyed.
Initializing the backend...
Initializing modules...
Initializing provider plugins...
- Reusing previous version of hashicorp/local from the dependency lock file
- Reusing previous version of hashicorp/null from the dependency lock file
- Using previously-installed hashicorp/local v2.5.3
- Using previously-installed hashicorp/null v3.2.4

Terraform has been successfully initialized!

You may now begin working with Terraform. Try running "terraform plan" to see
any changes that are required for your infrastructure. All Terraform commands
should now work.

If you ever set or change modules or backend configuration for Terraform,
rerun this command to reinitialize your working directory. If you forget, other
commands will detect it and remind you to do so if necessary.
module.servicio_c.local_file.servicio_dummy: Refreshing state... [id=bf04024f440b1b679dc364602832068bb0686b6c]
local_file.servicio_dummy: Refreshing state... [id=b5468df64cf9be40202fa32368293552ef28f97b]
module.servicio_c.module.servicio_a.local_file.servicio_dummy: Refreshing state... [id=da3f885de47a586c9ea9bf1f9ba1df0261357eab]
module.servicio_c.module.servicio_a.null_resource.servicio_a: Refreshing state... [id=8290191218549315080]
module.servicio_c.null_resource.servicio_c: Refreshing state... [id=4655234923691359330]
null_resource.servicio_b: Refreshing state... [id=4364075706985955479]

Terraform used the selected providers to generate the following execution
plan. Resource actions are indicated with the following symbols:
  + create

Terraform will perform the following actions:

  # local_file.servicio_dummy will be created
  + resource "local_file" "servicio_dummy" {
      + content              = (known after apply)
      + content_base64sha256 = (known after apply)
      + content_base64sha512 = (known after apply)
      + content_md5          = (known after apply)
      + content_sha1         = (known after apply)
      + content_sha256       = (known after apply)
      + content_sha512       = (known after apply)
      + directory_permission = "0777"
      + file_permission      = "0777"
      + filename             = "/home/dirac/Documents/DS/GitOps-Local/servicios_simulados/servicio_dummy_B.service"
      + id                   = (known after apply)
    }

  # module.servicio_c.local_file.servicio_dummy will be created
  + resource "local_file" "servicio_dummy" {
      + content              = (known after apply)
      + content_base64sha256 = (known after apply)
      + content_base64sha512 = (known after apply)
      + content_md5          = (known after apply)
      + content_sha1         = (known after apply)
      + content_sha256       = (known after apply)
      + content_sha512       = (known after apply)
      + directory_permission = "0777"
      + file_permission      = "0777"
      + filename             = "/home/dirac/Documents/DS/GitOps-Local/servicios_simulados/db_dummy.txt"
      + id                   = (known after apply)
    }

  # module.servicio_c.module.servicio_a.local_file.servicio_dummy will be created
  + resource "local_file" "servicio_dummy" {
      + content              = (known after apply)
      + content_base64sha256 = (known after apply)
      + content_base64sha512 = (known after apply)
      + content_md5          = (known after apply)
      + content_sha1         = (known after apply)
      + content_sha256       = (known after apply)
      + content_sha512       = (known after apply)
      + directory_permission = "0777"
      + file_permission      = "0777"
      + filename             = "/home/dirac/Documents/DS/GitOps-Local/servicios_simulados/servicio_dummy_A.service"
      + id                   = (known after apply)
    }

Plan: 3 to add, 0 to change, 0 to destroy.
module.servicio_c.local_file.servicio_dummy: Creating...
local_file.servicio_dummy: Creating...
module.servicio_c.local_file.servicio_dummy: Creation complete after 0s [id=6c472d9c6a0a73e1a61f0cd958fa180c778e54d8]
module.servicio_c.module.servicio_a.local_file.servicio_dummy: Creating...
local_file.servicio_dummy: Creation complete after 0s [id=6e8209badbb73dd361fabbe1f675dca58934c9ec]
module.servicio_c.module.servicio_a.local_file.servicio_dummy: Creation complete after 0s [id=cb9a206441c6b878e6123dd02cf37479eea0432a]

Apply complete! Resources: 3 added, 0 changed, 0 destroyed.
Initializing the backend...
Initializing modules...
Initializing provider plugins...
- Reusing previous version of hashicorp/null from the dependency lock file
- Reusing previous version of hashicorp/local from the dependency lock file
- Using previously-installed hashicorp/null v3.2.4
- Using previously-installed hashicorp/local v2.5.3

Terraform has been successfully initialized!

You may now begin working with Terraform. Try running "terraform plan" to see
any changes that are required for your infrastructure. All Terraform commands
should now work.

If you ever set or change modules or backend configuration for Terraform,
rerun this command to reinitialize your working directory. If you forget, other
commands will detect it and remind you to do so if necessary.
module.servicio_b.module.servicio_c.module.servicio_a.local_file.servicio_dummy: Refreshing state... [id=da3f885de47a586c9ea9bf1f9ba1df0261357eab]
module.servicio_b.local_file.servicio_dummy: Refreshing state... [id=a2f02dbff22e22c97bbee0458aa3015732653556]
module.servicio_b.module.servicio_c.module.servicio_a.null_resource.servicio_a: Refreshing state... [id=2258264413017640814]
module.servicio_b.module.servicio_c.local_file.servicio_dummy: Refreshing state... [id=e481e1feb51527491d96b9356260e5d30127af30]
module.servicio_b.module.servicio_c.null_resource.servicio_c: Refreshing state... [id=4453232201833176036]
module.servicio_b.null_resource.servicio_b: Refreshing state... [id=7760375672855320056]
null_resource.servicio_d: Refreshing state... [id=3446376636890549700]

Terraform used the selected providers to generate the following execution
plan. Resource actions are indicated with the following symbols:
  + create

Terraform will perform the following actions:

  # module.servicio_b.local_file.servicio_dummy will be created
  + resource "local_file" "servicio_dummy" {
      + content              = (known after apply)
      + content_base64sha256 = (known after apply)
      + content_base64sha512 = (known after apply)
      + content_md5          = (known after apply)
      + content_sha1         = (known after apply)
      + content_sha256       = (known after apply)
      + content_sha512       = (known after apply)
      + directory_permission = "0777"
      + file_permission      = "0777"
      + filename             = "/home/dirac/Documents/DS/GitOps-Local/servicios_simulados/servicio_dummy_B.service"
      + id                   = (known after apply)
    }

  # module.servicio_b.module.servicio_c.local_file.servicio_dummy will be created
  + resource "local_file" "servicio_dummy" {
      + content              = (known after apply)
      + content_base64sha256 = (known after apply)
      + content_base64sha512 = (known after apply)
      + content_md5          = (known after apply)
      + content_sha1         = (known after apply)
      + content_sha256       = (known after apply)
      + content_sha512       = (known after apply)
      + directory_permission = "0777"
      + file_permission      = "0777"
      + filename             = "/home/dirac/Documents/DS/GitOps-Local/servicios_simulados/db_dummy.txt"
      + id                   = (known after apply)
    }

  # module.servicio_b.module.servicio_c.module.servicio_a.local_file.servicio_dummy will be created
  + resource "local_file" "servicio_dummy" {
      + content              = (known after apply)
      + content_base64sha256 = (known after apply)
      + content_base64sha512 = (known after apply)
      + content_md5          = (known after apply)
      + content_sha1         = (known after apply)
      + content_sha256       = (known after apply)
      + content_sha512       = (known after apply)
      + directory_permission = "0777"
      + file_permission      = "0777"
      + filename             = "/home/dirac/Documents/DS/GitOps-Local/servicios_simulados/servicio_dummy_A.service"
      + id                   = (known after apply)
    }

Plan: 3 to add, 0 to change, 0 to destroy.
module.servicio_b.module.servicio_c.module.servicio_a.local_file.servicio_dummy: Creating...
module.servicio_b.local_file.servicio_dummy: Creating...
module.servicio_b.module.servicio_c.module.servicio_a.local_file.servicio_dummy: Creation complete after 0s [id=1a75210eacd37ea03484efda4634fe9a8bb7aab4]
module.servicio_b.module.servicio_c.local_file.servicio_dummy: Creating...
module.servicio_b.local_file.servicio_dummy: Creation complete after 0s [id=a16b1d5415f235466844d1bc5700b1a93a8d1e72]
module.servicio_b.module.servicio_c.local_file.servicio_dummy: Creation complete after 0s [id=bff4c2be648ef590d16077f3cef4d7d57b01df58]

Apply complete! Resources: 3 added, 0 changed, 0 destroyed.
