Initializing the backend...
Initializing provider plugins...
- Reusing previous version of hashicorp/null from the dependency lock file
- Using previously-installed hashicorp/null v3.2.4

Terraform has been successfully initialized!

You may now begin working with Terraform. Try running "terraform plan" to see
any changes that are required for your infrastructure. All Terraform commands
should now work.

If you ever set or change modules or backend configuration for Terraform,
rerun this command to reinitialize your working directory. If you forget, other
commands will detect it and remind you to do so if necessary.
null_resource.servicio_a: Refreshing state... [id=7672179959542908993]

No changes. Your infrastructure matches the configuration.

Terraform has compared your real infrastructure against your configuration
and found no differences, so no changes are needed.

Apply complete! Resources: 0 added, 0 changed, 0 destroyed.
Initializing the backend...
Initializing modules...
Initializing provider plugins...
- Reusing previous version of hashicorp/null from the dependency lock file
- Using previously-installed hashicorp/null v3.2.4

Terraform has been successfully initialized!

You may now begin working with Terraform. Try running "terraform plan" to see
any changes that are required for your infrastructure. All Terraform commands
should now work.

If you ever set or change modules or backend configuration for Terraform,
rerun this command to reinitialize your working directory. If you forget, other
commands will detect it and remind you to do so if necessary.
module.servicio_a.null_resource.servicio_a: Refreshing state... [id=215764697628221608]
null_resource.servicio_c: Refreshing state... [id=4732768353443807025]

No changes. Your infrastructure matches the configuration.

Terraform has compared your real infrastructure against your configuration
and found no differences, so no changes are needed.

Apply complete! Resources: 0 added, 0 changed, 0 destroyed.
Initializing the backend...
Initializing modules...
Initializing provider plugins...
- Reusing previous version of hashicorp/null from the dependency lock file
- Using previously-installed hashicorp/null v3.2.4

Terraform has been successfully initialized!

You may now begin working with Terraform. Try running "terraform plan" to see
any changes that are required for your infrastructure. All Terraform commands
should now work.

If you ever set or change modules or backend configuration for Terraform,
rerun this command to reinitialize your working directory. If you forget, other
commands will detect it and remind you to do so if necessary.
module.servicio_c.module.servicio_a.null_resource.servicio_a: Refreshing state... [id=8547490199586848423]
module.servicio_c.null_resource.servicio_c: Refreshing state... [id=1797162058276924808]
null_resource.servicio_b: Refreshing state... [id=1285547394271904723]

No changes. Your infrastructure matches the configuration.

Terraform has compared your real infrastructure against your configuration
and found no differences, so no changes are needed.

Apply complete! Resources: 0 added, 0 changed, 0 destroyed.
Initializing the backend...
Initializing modules...
Initializing provider plugins...
- Reusing previous version of hashicorp/null from the dependency lock file
- Using previously-installed hashicorp/null v3.2.4

Terraform has been successfully initialized!

You may now begin working with Terraform. Try running "terraform plan" to see
any changes that are required for your infrastructure. All Terraform commands
should now work.

If you ever set or change modules or backend configuration for Terraform,
rerun this command to reinitialize your working directory. If you forget, other
commands will detect it and remind you to do so if necessary.
module.servicio_b.module.servicio_c.module.servicio_a.null_resource.servicio_a: Refreshing state... [id=6446946616249751938]
module.servicio_b.module.servicio_c.null_resource.servicio_c: Refreshing state... [id=1885236367940910658]
module.servicio_b.null_resource.servicio_b: Refreshing state... [id=6181882693622560077]
null_resource.servicio_d: Refreshing state... [id=1332332638238886796]

No changes. Your infrastructure matches the configuration.

Terraform has compared your real infrastructure against your configuration
and found no differences, so no changes are needed.

Apply complete! Resources: 0 added, 0 changed, 0 destroyed.
