Initializing the backend...
Initializing provider plugins...
- Finding latest version of hashicorp/null...
- Installing hashicorp/null v3.2.4...
- Installed hashicorp/null v3.2.4 (signed by HashiCorp)
Terraform has created a lock file .terraform.lock.hcl to record the provider
selections it made above. Include this file in your version control repository
so that Terraform can guarantee to make the same selections by default when
you run "terraform init" in the future.

Terraform has been successfully initialized!

You may now begin working with Terraform. Try running "terraform plan" to see
any changes that are required for your infrastructure. All Terraform commands
should now work.

If you ever set or change modules or backend configuration for Terraform,
rerun this command to reinitialize your working directory. If you forget, other
commands will detect it and remind you to do so if necessary.

Terraform used the selected providers to generate the following execution
plan. Resource actions are indicated with the following symbols:
  + create

Terraform will perform the following actions:

  # null_resource.servicio_a will be created
  + resource "null_resource" "servicio_a" {
      + id = (known after apply)
    }

Plan: 1 to add, 0 to change, 0 to destroy.
null_resource.servicio_a: Creating...
null_resource.servicio_a: Provisioning with 'local-exec'...
null_resource.servicio_a (local-exec): Executing: ["/bin/sh" "-c" "/home/dirac/Documents/DS/GitOps-Local/scripts/instala_servicio.sh servicio_dummy_A.service /home/dirac/Documents/DS/GitOps-Local/servicios_simulados"]
null_resource.servicio_a (local-exec): Instalando servicio_dummy_A.service ...
null_resource.servicio_a (local-exec): servicio_dummy_A.service se esta instalando en /home/dirac/Documents/DS/GitOps-Local/servicios_simulados
null_resource.servicio_a (local-exec): Iniciando la instalacion de 'servicio_dummy_A.service ...
null_resource.servicio_a (local-exec): Realizando configuraciones necesarias...
null_resource.servicio_a (local-exec): Verificando dependencias
null_resource.servicio_a (local-exec): Ha finalizado la instalacion exitosamente
null_resource.servicio_a: Creation complete after 0s [id=7672179959542908993]

Apply complete! Resources: 1 added, 0 changed, 0 destroyed.
Initializing the backend...
Initializing modules...
- servicio_a in ../servicio_a
Initializing provider plugins...
- Finding latest version of hashicorp/null...
- Installing hashicorp/null v3.2.4...
- Installed hashicorp/null v3.2.4 (signed by HashiCorp)
Terraform has created a lock file .terraform.lock.hcl to record the provider
selections it made above. Include this file in your version control repository
so that Terraform can guarantee to make the same selections by default when
you run "terraform init" in the future.

Terraform has been successfully initialized!

You may now begin working with Terraform. Try running "terraform plan" to see
any changes that are required for your infrastructure. All Terraform commands
should now work.

If you ever set or change modules or backend configuration for Terraform,
rerun this command to reinitialize your working directory. If you forget, other
commands will detect it and remind you to do so if necessary.

Terraform used the selected providers to generate the following execution
plan. Resource actions are indicated with the following symbols:
  + create

Terraform will perform the following actions:

  # null_resource.servicio_c will be created
  + resource "null_resource" "servicio_c" {
      + id = (known after apply)
    }

  # module.servicio_a.null_resource.servicio_a will be created
  + resource "null_resource" "servicio_a" {
      + id = (known after apply)
    }

Plan: 2 to add, 0 to change, 0 to destroy.
module.servicio_a.null_resource.servicio_a: Creating...
module.servicio_a.null_resource.servicio_a: Provisioning with 'local-exec'...
module.servicio_a.null_resource.servicio_a (local-exec): Executing: ["/bin/sh" "-c" "/home/dirac/Documents/DS/GitOps-Local/scripts/instala_servicio.sh servicio_dummy_A.service /home/dirac/Documents/DS/GitOps-Local/servicios_simulados"]
module.servicio_a.null_resource.servicio_a (local-exec): Instalando servicio_dummy_A.service ...
module.servicio_a.null_resource.servicio_a (local-exec): servicio_dummy_A.service se esta instalando en /home/dirac/Documents/DS/GitOps-Local/servicios_simulados
module.servicio_a.null_resource.servicio_a (local-exec): Iniciando la instalacion de 'servicio_dummy_A.service ...
module.servicio_a.null_resource.servicio_a (local-exec): El servicio servicio_dummy_A.service ya existe
module.servicio_a.null_resource.servicio_a: Creation complete after 0s [id=215764697628221608]
null_resource.servicio_c: Creating...
null_resource.servicio_c: Provisioning with 'local-exec'...
null_resource.servicio_c (local-exec): Executing: ["/bin/sh" "-c" "if [ ! -f \"/home/dirac/Documents/DS/GitOps-Local/servicios_simulados/db_dummy.txt\" ]; then\n  echo \"Instalando servicio de base de datos\"\n  mkdir -p \"/home/dirac/Documents/DS/GitOps-Local/servicios_simulados\"\n  echo \"Base de datos creada el $(date +%Y-%m-%d) a las $(date +%H:%M:%S)\" >> /home/dirac/Documents/DS/GitOps-Local/servicios_simulados/db_dummy.txt\nfi\n"]
null_resource.servicio_c (local-exec): Instalando servicio de base de datos
null_resource.servicio_c: Creation complete after 0s [id=4732768353443807025]

Apply complete! Resources: 2 added, 0 changed, 0 destroyed.
Initializing the backend...
Initializing modules...
- servicio_c in ../servicio_c
- servicio_c.servicio_a in ../servicio_a
Initializing provider plugins...
- Finding latest version of hashicorp/null...
- Installing hashicorp/null v3.2.4...
- Installed hashicorp/null v3.2.4 (signed by HashiCorp)
Terraform has created a lock file .terraform.lock.hcl to record the provider
selections it made above. Include this file in your version control repository
so that Terraform can guarantee to make the same selections by default when
you run "terraform init" in the future.

Terraform has been successfully initialized!

You may now begin working with Terraform. Try running "terraform plan" to see
any changes that are required for your infrastructure. All Terraform commands
should now work.

If you ever set or change modules or backend configuration for Terraform,
rerun this command to reinitialize your working directory. If you forget, other
commands will detect it and remind you to do so if necessary.

Terraform used the selected providers to generate the following execution
plan. Resource actions are indicated with the following symbols:
  + create

Terraform will perform the following actions:

  # null_resource.servicio_b will be created
  + resource "null_resource" "servicio_b" {
      + id = (known after apply)
    }

  # module.servicio_c.null_resource.servicio_c will be created
  + resource "null_resource" "servicio_c" {
      + id = (known after apply)
    }

  # module.servicio_c.module.servicio_a.null_resource.servicio_a will be created
  + resource "null_resource" "servicio_a" {
      + id = (known after apply)
    }

Plan: 3 to add, 0 to change, 0 to destroy.
module.servicio_c.module.servicio_a.null_resource.servicio_a: Creating...
module.servicio_c.module.servicio_a.null_resource.servicio_a: Provisioning with 'local-exec'...
module.servicio_c.module.servicio_a.null_resource.servicio_a (local-exec): Executing: ["/bin/sh" "-c" "/home/dirac/Documents/DS/GitOps-Local/scripts/instala_servicio.sh servicio_dummy_A.service /home/dirac/Documents/DS/GitOps-Local/servicios_simulados"]
module.servicio_c.module.servicio_a.null_resource.servicio_a (local-exec): Instalando servicio_dummy_A.service ...
module.servicio_c.module.servicio_a.null_resource.servicio_a (local-exec): servicio_dummy_A.service se esta instalando en /home/dirac/Documents/DS/GitOps-Local/servicios_simulados
module.servicio_c.module.servicio_a.null_resource.servicio_a (local-exec): Iniciando la instalacion de 'servicio_dummy_A.service ...
module.servicio_c.module.servicio_a.null_resource.servicio_a (local-exec): El servicio servicio_dummy_A.service ya existe
module.servicio_c.module.servicio_a.null_resource.servicio_a: Creation complete after 0s [id=8547490199586848423]
module.servicio_c.null_resource.servicio_c: Creating...
module.servicio_c.null_resource.servicio_c: Provisioning with 'local-exec'...
module.servicio_c.null_resource.servicio_c (local-exec): Executing: ["/bin/sh" "-c" "if [ ! -f \"/home/dirac/Documents/DS/GitOps-Local/servicios_simulados/db_dummy.txt\" ]; then\n  echo \"Instalando servicio de base de datos\"\n  mkdir -p \"/home/dirac/Documents/DS/GitOps-Local/servicios_simulados\"\n  echo \"Base de datos creada el $(date +%Y-%m-%d) a las $(date +%H:%M:%S)\" >> /home/dirac/Documents/DS/GitOps-Local/servicios_simulados/db_dummy.txt\nfi\n"]
module.servicio_c.null_resource.servicio_c: Creation complete after 0s [id=1797162058276924808]
null_resource.servicio_b: Creating...
null_resource.servicio_b: Provisioning with 'local-exec'...
null_resource.servicio_b (local-exec): Executing: ["/bin/sh" "-c" "/home/dirac/Documents/DS/GitOps-Local/scripts/instala_servicio.sh servicio_dummy_B.service /home/dirac/Documents/DS/GitOps-Local/servicios_simulados"]
null_resource.servicio_b (local-exec): Instalando servicio_dummy_B.service ...
null_resource.servicio_b (local-exec): servicio_dummy_B.service se esta instalando en /home/dirac/Documents/DS/GitOps-Local/servicios_simulados
null_resource.servicio_b (local-exec): Iniciando la instalacion de 'servicio_dummy_B.service ...
null_resource.servicio_b (local-exec): Realizando configuraciones necesarias...
null_resource.servicio_b (local-exec): Verificando dependencias
null_resource.servicio_b (local-exec): Ha finalizado la instalacion exitosamente
null_resource.servicio_b: Creation complete after 0s [id=1285547394271904723]

Apply complete! Resources: 3 added, 0 changed, 0 destroyed.
Initializing the backend...
Initializing modules...
- servicio_b in ../servicio_b
- servicio_b.servicio_c in ../servicio_c
- servicio_b.servicio_c.servicio_a in ../servicio_a
Initializing provider plugins...
- Finding latest version of hashicorp/null...
- Installing hashicorp/null v3.2.4...
- Installed hashicorp/null v3.2.4 (signed by HashiCorp)
Terraform has created a lock file .terraform.lock.hcl to record the provider
selections it made above. Include this file in your version control repository
so that Terraform can guarantee to make the same selections by default when
you run "terraform init" in the future.

Terraform has been successfully initialized!

You may now begin working with Terraform. Try running "terraform plan" to see
any changes that are required for your infrastructure. All Terraform commands
should now work.

If you ever set or change modules or backend configuration for Terraform,
rerun this command to reinitialize your working directory. If you forget, other
commands will detect it and remind you to do so if necessary.

Terraform used the selected providers to generate the following execution
plan. Resource actions are indicated with the following symbols:
  + create

Terraform will perform the following actions:

  # null_resource.servicio_d will be created
  + resource "null_resource" "servicio_d" {
      + id = (known after apply)
    }

  # module.servicio_b.null_resource.servicio_b will be created
  + resource "null_resource" "servicio_b" {
      + id = (known after apply)
    }

  # module.servicio_b.module.servicio_c.null_resource.servicio_c will be created
  + resource "null_resource" "servicio_c" {
      + id = (known after apply)
    }

  # module.servicio_b.module.servicio_c.module.servicio_a.null_resource.servicio_a will be created
  + resource "null_resource" "servicio_a" {
      + id = (known after apply)
    }

Plan: 4 to add, 0 to change, 0 to destroy.
module.servicio_b.module.servicio_c.module.servicio_a.null_resource.servicio_a: Creating...
module.servicio_b.module.servicio_c.module.servicio_a.null_resource.servicio_a: Provisioning with 'local-exec'...
module.servicio_b.module.servicio_c.module.servicio_a.null_resource.servicio_a (local-exec): Executing: ["/bin/sh" "-c" "/home/dirac/Documents/DS/GitOps-Local/scripts/instala_servicio.sh servicio_dummy_A.service /home/dirac/Documents/DS/GitOps-Local/servicios_simulados"]
module.servicio_b.module.servicio_c.module.servicio_a.null_resource.servicio_a (local-exec): Instalando servicio_dummy_A.service ...
module.servicio_b.module.servicio_c.module.servicio_a.null_resource.servicio_a (local-exec): servicio_dummy_A.service se esta instalando en /home/dirac/Documents/DS/GitOps-Local/servicios_simulados
module.servicio_b.module.servicio_c.module.servicio_a.null_resource.servicio_a (local-exec): Iniciando la instalacion de 'servicio_dummy_A.service ...
module.servicio_b.module.servicio_c.module.servicio_a.null_resource.servicio_a (local-exec): El servicio servicio_dummy_A.service ya existe
module.servicio_b.module.servicio_c.module.servicio_a.null_resource.servicio_a: Creation complete after 0s [id=6446946616249751938]
module.servicio_b.module.servicio_c.null_resource.servicio_c: Creating...
module.servicio_b.module.servicio_c.null_resource.servicio_c: Provisioning with 'local-exec'...
module.servicio_b.module.servicio_c.null_resource.servicio_c (local-exec): Executing: ["/bin/sh" "-c" "if [ ! -f \"/home/dirac/Documents/DS/GitOps-Local/servicios_simulados/db_dummy.txt\" ]; then\n  echo \"Instalando servicio de base de datos\"\n  mkdir -p \"/home/dirac/Documents/DS/GitOps-Local/servicios_simulados\"\n  echo \"Base de datos creada el $(date +%Y-%m-%d) a las $(date +%H:%M:%S)\" >> /home/dirac/Documents/DS/GitOps-Local/servicios_simulados/db_dummy.txt\nfi\n"]
module.servicio_b.module.servicio_c.null_resource.servicio_c: Creation complete after 0s [id=1885236367940910658]
module.servicio_b.null_resource.servicio_b: Creating...
module.servicio_b.null_resource.servicio_b: Provisioning with 'local-exec'...
module.servicio_b.null_resource.servicio_b (local-exec): Executing: ["/bin/sh" "-c" "/home/dirac/Documents/DS/GitOps-Local/scripts/instala_servicio.sh servicio_dummy_B.service /home/dirac/Documents/DS/GitOps-Local/servicios_simulados"]
module.servicio_b.null_resource.servicio_b (local-exec): Instalando servicio_dummy_B.service ...
module.servicio_b.null_resource.servicio_b (local-exec): servicio_dummy_B.service se esta instalando en /home/dirac/Documents/DS/GitOps-Local/servicios_simulados
module.servicio_b.null_resource.servicio_b (local-exec): Iniciando la instalacion de 'servicio_dummy_B.service ...
module.servicio_b.null_resource.servicio_b (local-exec): El servicio servicio_dummy_B.service ya existe
module.servicio_b.null_resource.servicio_b: Creation complete after 0s [id=6181882693622560077]
null_resource.servicio_d: Creating...
null_resource.servicio_d: Provisioning with 'local-exec'...
null_resource.servicio_d (local-exec): Executing: ["/bin/sh" "-c" "nohup python3 /home/dirac/Documents/DS/GitOps-Local/scripts/cola_dummy.py 127.0.0.1 1234 > /tmp/cola_dummy.log 2>&1 &"]
null_resource.servicio_d: Creation complete after 0s [id=1332332638238886796]

Apply complete! Resources: 4 added, 0 changed, 0 destroyed.
